<?xml version="1.0" encoding="UTF-8"?>
<!-- Generated by org.testng.reporters.JUnitXMLReporter -->
<testsuite hostname="DESKTOP-C2IM9GU" ignored="0" name="Default test" tests="4" failures="0" timestamp="15 Mar 2021 22:42:28 GMT" time="9.945" errors="0">
  <testcase name="postUserAPITest" time="5.328" classname="com.qa.api.gorest.tests.CreateUserTest"/>
  <testcase name="postUserAPITest" time="1.483" classname="com.qa.api.gorest.tests.CreateUserTest"/>
  <testcase name="postUserAPITest" time="1.016" classname="com.qa.api.gorest.tests.CreateUserTest"/>
  <testcase name="postUserAPITest" time="0.964" classname="com.qa.api.gorest.tests.CreateUserTest"/>
</testsuite> <!-- Default test -->
